<?xml version="1.0" encoding="UTF-8"?>
<!-- Generated by org.testng.reporters.JUnitReportReporter -->
<testsuite skipped="0" hostname="DESKTOP-NCMBG7O" name="samples.SampleTest" tests="2" failures="0" timestamp="27 апр 2019 19:29:13 GMT" time="0.040" errors="0">
  <testcase name="first" time="0.022" classname="samples.SampleTest"/>
  <testcase name="second" time="0.018" classname="samples.SampleTest"/>
</testsuite> <!-- samples.SampleTest -->
